<?xml version="1.0" encoding="UTF-8"?>
<coverage generated="1706580404528" clover="3.2.0">
  <project timestamp="1706580404529" name="All files">
    <metrics statements="36" coveredstatements="36" conditionals="10" coveredconditionals="10" methods="4" coveredmethods="4" elements="50" coveredelements="50" complexity="0" loc="36" ncloc="36" packages="1" files="2" classes="2"/>
    <file name="person.js" path="/home/rbezerra/projetos/metodo-tajs/modulo03-conceitos-tajs/aula-05-code-coverage/src/person.js">
      <metrics statements="9" coveredstatements="9" conditionals="1" coveredconditionals="1" methods="1" coveredmethods="1"/>
      <line num="1" count="1" type="cond" truecount="1" falsecount="0"/>
      <line num="2" count="3" type="stmt"/>
      <line num="3" count="3" type="stmt"/>
      <line num="4" count="3" type="stmt"/>
      <line num="5" count="3" type="stmt"/>
      <line num="6" count="3" type="stmt"/>
      <line num="7" count="3" type="stmt"/>
      <line num="8" count="3" type="stmt"/>
      <line num="9" count="3" type="stmt"/>
    </file>
    <file name="task.js" path="/home/rbezerra/projetos/metodo-tajs/modulo03-conceitos-tajs/aula-05-code-coverage/src/task.js">
      <metrics statements="27" coveredstatements="27" conditionals="9" coveredconditionals="9" methods="3" coveredmethods="3"/>
      <line num="1" count="1" type="cond" truecount="1" falsecount="0"/>
      <line num="2" count="2" type="stmt"/>
      <line num="3" count="2" type="cond" truecount="1" falsecount="0"/>
      <line num="4" count="4" type="stmt"/>
      <line num="5" count="4" type="stmt"/>
      <line num="6" count="4" type="stmt"/>
      <line num="7" count="4" type="stmt"/>
      <line num="8" count="4" type="stmt"/>
      <line num="9" count="2" type="cond" truecount="1" falsecount="0"/>
      <line num="10" count="2" type="cond" truecount="1" falsecount="0"/>
      <line num="11" count="102" type="stmt"/>
      <line num="12" count="102" type="stmt"/>
      <line num="13" count="102" type="cond" truecount="1" falsecount="0"/>
      <line num="14" count="2" type="stmt"/>
      <line num="15" count="2" type="stmt"/>
      <line num="16" count="2" type="stmt"/>
      <line num="17" count="2" type="cond" truecount="1" falsecount="0"/>
      <line num="18" count="100" type="stmt"/>
      <line num="19" count="102" type="cond" truecount="1" falsecount="0"/>
      <line num="20" count="150" type="cond" truecount="1" falsecount="0"/>
      <line num="21" count="4" type="stmt"/>
      <line num="22" count="4" type="stmt"/>
      <line num="23" count="4" type="stmt"/>
      <line num="24" count="150" type="cond" truecount="1" falsecount="0"/>
      <line num="25" count="2" type="stmt"/>
      <line num="26" count="2" type="stmt"/>
      <line num="27" count="2" type="stmt"/>
    </file>
  </project>
</coverage>
