TN:
SF:src/person.js
FN:1,mapPerson
FNF:1
FNH:1
FNDA:3,mapPerson
DA:1,1
DA:2,3
DA:3,3
DA:4,3
DA:5,3
DA:6,3
DA:7,3
DA:8,3
DA:9,3
LF:9
LH:9
BRDA:1,0,0,3
BRF:1
BRH:1
end_of_record
TN:
SF:src/task.js
FN:1,<instance_members_initializer>
FN:3,save
FN:9,run
FNF:3
FNH:3
FNDA:2,<instance_members_initializer>
FNDA:4,save
FNDA:2,run
DA:1,1
DA:2,2
DA:3,2
DA:4,4
DA:5,4
DA:6,4
DA:7,4
DA:8,4
DA:9,2
DA:10,2
DA:11,102
DA:12,102
DA:13,102
DA:14,2
DA:15,2
DA:16,2
DA:17,2
DA:18,100
DA:19,102
DA:20,150
DA:21,4
DA:22,4
DA:23,4
DA:24,150
DA:25,2
DA:26,2
DA:27,2
LF:27
LH:27
BRDA:1,0,0,2
BRDA:3,1,0,4
BRDA:9,2,0,2
BRDA:10,3,0,102
BRDA:13,4,0,2
BRDA:17,5,0,100
BRDA:19,6,0,150
BRDA:20,7,0,4
BRDA:24,8,0,100
BRF:9
BRH:9
end_of_record
