TN:
SF:src/api.js
FN:7,getUserCategory
FNF:1
FNH:1
FNDA:4,getUserCategory
DA:1,1
DA:2,1
DA:3,1
DA:4,1
DA:5,1
DA:6,1
DA:7,4
DA:8,4
DA:9,4
DA:10,4
DA:11,4
DA:12,1
DA:13,4
DA:14,1
DA:15,1
DA:16,8
DA:17,8
DA:18,4
DA:19,4
DA:20,4
DA:21,4
DA:22,4
DA:23,4
DA:24,4
DA:25,4
DA:26,4
DA:27,4
DA:28,4
DA:29,4
DA:30,4
DA:31,4
DA:32,4
DA:33,4
DA:34,4
DA:35,8
DA:36,3
DA:37,3
DA:38,3
DA:39,3
DA:40,3
DA:41,3
DA:42,1
DA:43,1
DA:44,1
DA:45,1
DA:46,1
DA:47,1
DA:48,1
DA:49,1
DA:50,1
DA:51,0
DA:52,0
DA:53,0
DA:54,0
DA:55,0
DA:56,1
DA:57,1
DA:58,1
LF:58
LH:53
BRDA:7,0,0,4
BRDA:9,1,0,1
BRDA:9,2,0,3
BRDA:10,3,0,1
BRDA:10,4,0,2
BRDA:11,5,0,1
BRDA:15,6,0,8
BRDA:17,7,0,4
BRDA:17,8,0,4
BRDA:35,9,0,3
BRDA:35,10,0,3
BRDA:41,11,0,1
BRDA:50,12,0,0
BRDA:37,13,0,6
BRF:14
BRH:13
end_of_record
